<?xml version="1.0" encoding="UTF-8"?>
<robot generator="Robot 5.0 (Python 3.10.4 on win32)" generated="20220513 09:12:28.866" rpa="false" schemaversion="3">
<suite id="s1" name="HeaderPageTest" source="C:\Users\lenvov\OneDrive\Desktop\Automation\Testcases\Boat\HeaderPageTest.robot">
<test id="s1-t1" name="Verify Header page elements" line="12">
<kw name="Open new browser to work" type="SETUP">
<arg>https://www.lundboats.com/</arg>
<arg>chrome</arg>
<msg timestamp="20220513 09:12:29.079" level="FAIL">No keyword with name 'Open new browser to work' found.</msg>
<status status="FAIL" starttime="20220513 09:12:29.079" endtime="20220513 09:12:29.079"/>
</kw>
<kw name="Close Browser" library="SeleniumLibrary" type="TEARDOWN">
<doc>Closes the current browser.</doc>
<status status="PASS" starttime="20220513 09:12:29.080" endtime="20220513 09:12:29.080"/>
</kw>
<status status="FAIL" starttime="20220513 09:12:29.072" endtime="20220513 09:12:29.081">Setup failed:
No keyword with name 'Open new browser to work' found.</status>
</test>
<doc>Test Suite with Single Test for Verifying Header elements</doc>
<status status="FAIL" starttime="20220513 09:12:28.868" endtime="20220513 09:12:29.083"/>
</suite>
<statistics>
<total>
<stat pass="0" fail="1" skip="0">All Tests</stat>
</total>
<tag>
</tag>
<suite>
<stat pass="0" fail="1" skip="0" id="s1" name="HeaderPageTest">HeaderPageTest</stat>
</suite>
</statistics>
<errors>
<msg timestamp="20220513 09:12:29.058" level="ERROR">Error in file 'C:\Users\lenvov\OneDrive\Desktop\Automation\Testcases\Boat\HeaderPageTest.robot' on line 4: Resource file '..\Resources\HeaderPage.robot' does not exist.</msg>
</errors>
</robot>
